<?xml version="1.0" encoding="UTF-8"?>
<testng-results skipped="0" failed="0" total="1" passed="1">
  <reporter-output>
  </reporter-output>
  <suite name="SampleSuite" duration-ms="12" started-at="2019-12-31T05:09:29Z" finished-at="2019-12-31T05:09:29Z">
    <groups>
    </groups>
    <test name="Test" duration-ms="12" started-at="2019-12-31T05:09:29Z" finished-at="2019-12-31T05:09:29Z">
      <class name="Sample.TestNgProject.WelcomeTest">
        <test-method status="PASS" signature="PrintWelcomeTest()[pri:0, instance:Sample.TestNgProject.WelcomeTest@1ae369b7]" name="PrintWelcomeTest" duration-ms="5" started-at="2019-12-31T10:39:29Z" finished-at="2019-12-31T10:39:29Z">
          <reporter-output>
          </reporter-output>
        </test-method> <!-- PrintWelcomeTest -->
      </class> <!-- Sample.TestNgProject.WelcomeTest -->
    </test> <!-- Test -->
  </suite> <!-- SampleSuite -->
</testng-results>
