<?xml version="1.0" encoding="UTF-8"?>
<testng-results skipped="0" failed="0" ignored="0" total="1" passed="1">
  <reporter-output>
  </reporter-output>
  <suite name="SampleSuite" duration-ms="33" started-at="2019-12-31T10:54:59 IST" finished-at="2019-12-31T10:54:59 IST">
    <groups>
    </groups>
    <test name="Test" duration-ms="33" started-at="2019-12-31T10:54:59 IST" finished-at="2019-12-31T10:54:59 IST">
      <class name="Sample.TestNgProject.WelcomeTest">
        <test-method status="PASS" signature="PrintWelcomeTest()[pri:0, instance:Sample.TestNgProject.WelcomeTest@1d16f93d]" name="PrintWelcomeTest" duration-ms="7" started-at="2019-12-31T10:54:59 IST" finished-at="2019-12-31T10:54:59 IST">
          <reporter-output>
          </reporter-output>
        </test-method> <!-- PrintWelcomeTest -->
      </class> <!-- Sample.TestNgProject.WelcomeTest -->
    </test> <!-- Test -->
  </suite> <!-- SampleSuite -->
</testng-results>
