<?xml version="1.0" encoding="UTF-8"?>
<testng-results skipped="0" failed="0" ignored="0" total="1" passed="1">
  <reporter-output>
  </reporter-output>
  <suite name="SampleSuite" duration-ms="26" started-at="2019-12-31T05:09:20Z" finished-at="2019-12-31T05:09:20Z">
    <groups>
    </groups>
    <test name="Test" duration-ms="26" started-at="2019-12-31T05:09:20Z" finished-at="2019-12-31T05:09:20Z">
      <class name="Sample.TestNgProject.WelcomeTest">
        <test-method status="PASS" signature="PrintWelcomeTest()[pri:0, instance:Sample.TestNgProject.WelcomeTest@4678c730]" name="PrintWelcomeTest" duration-ms="8" started-at="2019-12-31T05:09:20Z" finished-at="2019-12-31T05:09:20Z">
          <reporter-output>
          </reporter-output>
        </test-method> <!-- PrintWelcomeTest -->
      </class> <!-- Sample.TestNgProject.WelcomeTest -->
    </test> <!-- Test -->
  </suite> <!-- SampleSuite -->
</testng-results>
